TN:
SF:/Applications/MAMP/htdocs/a11y-enhancer/build/accordion.js
FN:1,(anonymous_1)
FN:3,(anonymous_2)
FN:10,(anonymous_3)
FN:13,CustomEvent
FN:99,accordion
FN:147,(anonymous_6)
FN:208,(anonymous_7)
FN:222,updateFocusState
FN:244,toggleTabPanel
FNF:9
FNH:8
FNDA:1,(anonymous_1)
FNDA:1,(anonymous_2)
FNDA:1,(anonymous_3)
FNDA:0,CustomEvent
FNDA:12,accordion
FNDA:12,(anonymous_6)
FNDA:5,(anonymous_7)
FNDA:15,updateFocusState
FNDA:7,toggleTabPanel
DA:1,1
DA:2,1
DA:10,1
DA:11,1
DA:13,1
DA:14,0
DA:15,0
DA:16,0
DA:17,0
DA:20,0
DA:22,0
DA:29,1
DA:31,1
DA:33,1
DA:34,1
DA:35,1
DA:36,1
DA:37,1
DA:38,1
DA:40,1
DA:41,1
DA:44,1
DA:99,1
DA:101,12
DA:106,12
DA:109,12
DA:110,12
DA:114,12
DA:121,12
DA:122,12
DA:125,12
DA:126,12
DA:127,60
DA:128,60
DA:129,60
DA:130,60
DA:131,60
DA:135,12
DA:136,12
DA:137,60
DA:138,60
DA:139,60
DA:142,12
DA:143,12
DA:144,12
DA:147,12
DA:150,12
DA:151,12
DA:156,2
DA:159,2
DA:160,0
DA:162,2
DA:165,2
DA:166,2
DA:171,6
DA:174,6
DA:175,0
DA:177,6
DA:180,6
DA:181,6
DA:185,1
DA:186,1
DA:187,1
DA:189,1
DA:193,1
DA:194,1
DA:195,1
DA:200,2
DA:201,2
DA:202,2
DA:208,12
DA:211,5
DA:212,5
DA:214,5
DA:215,5
DA:222,1
DA:223,15
DA:226,15
DA:227,15
DA:229,15
DA:230,15
DA:232,15
DA:233,15
DA:234,15
DA:235,15
DA:237,15
DA:238,15
DA:244,1
DA:245,7
DA:246,7
DA:249,7
DA:252,4
DA:253,0
DA:254,0
DA:257,4
DA:258,4
DA:260,4
DA:264,3
DA:265,3
DA:267,3
DA:270,7
DA:274,1
DA:276,1
LF:103
LH:93
BRDA:2,1,0,0
BRDA:2,1,1,1
BRDA:2,2,0,1
BRDA:2,2,1,0
BRDA:2,3,0,0
BRDA:2,3,1,1
BRDA:2,4,0,1
BRDA:2,4,1,0
BRDA:2,5,0,1
BRDA:2,5,1,1
BRDA:11,6,0,1
BRDA:11,6,1,0
BRDA:14,7,0,0
BRDA:14,7,1,0
BRDA:101,8,0,0
BRDA:101,8,1,12
BRDA:106,9,0,0
BRDA:106,9,1,12
BRDA:106,10,0,12
BRDA:106,10,1,0
BRDA:128,11,0,0
BRDA:128,11,1,60
BRDA:129,12,0,12
BRDA:129,12,1,48
BRDA:131,13,0,12
BRDA:131,13,1,48
BRDA:137,14,0,0
BRDA:137,14,1,60
BRDA:150,15,0,12
BRDA:150,15,1,0
BRDA:151,16,0,1
BRDA:151,16,1,2
BRDA:151,16,2,1
BRDA:151,16,3,6
BRDA:151,16,4,1
BRDA:151,16,5,1
BRDA:151,16,6,1
BRDA:151,16,7,2
BRDA:159,17,0,0
BRDA:159,17,1,2
BRDA:160,18,0,0
BRDA:160,18,1,0
BRDA:162,19,0,0
BRDA:162,19,1,2
BRDA:174,20,0,0
BRDA:174,20,1,6
BRDA:175,21,0,0
BRDA:175,21,1,0
BRDA:177,22,0,0
BRDA:177,22,1,6
BRDA:211,23,0,5
BRDA:211,23,1,0
BRDA:249,24,0,4
BRDA:249,24,1,3
BRDA:252,25,0,0
BRDA:252,25,1,4
BRDA:252,26,0,4
BRDA:252,26,1,4
BRF:58
BRH:35
end_of_record
TN:
SF:/Applications/MAMP/htdocs/a11y-enhancer/build/dialog.js
FN:1,(anonymous_1)
FN:3,(anonymous_2)
FN:10,(anonymous_3)
FN:13,CustomEvent
FN:62,dialog
FN:110,(anonymous_6)
FN:121,(anonymous_7)
FN:150,(anonymous_8)
FN:157,(anonymous_9)
FN:181,checkCloseDialog
FNF:10
FNH:9
FNDA:1,(anonymous_1)
FNDA:1,(anonymous_2)
FNDA:1,(anonymous_3)
FNDA:0,CustomEvent
FNDA:19,dialog
FNDA:12,(anonymous_6)
FNDA:279,(anonymous_7)
FNDA:21,(anonymous_8)
FNDA:279,(anonymous_9)
FNDA:3,checkCloseDialog
DA:1,1
DA:2,1
DA:10,1
DA:11,1
DA:13,1
DA:14,0
DA:15,0
DA:16,0
DA:17,0
DA:20,0
DA:22,0
DA:29,1
DA:31,1
DA:34,1
DA:62,1
DA:64,19
DA:69,19
DA:72,19
DA:75,19
DA:81,19
DA:85,19
DA:86,19
DA:91,19
DA:92,19
DA:96,19
DA:97,19
DA:98,16
DA:102,19
DA:103,16
DA:110,19
DA:111,12
DA:113,12
DA:115,12
DA:118,11
DA:121,11
DA:122,279
DA:123,268
DA:128,12
DA:131,12
DA:133,12
DA:134,11
DA:138,12
DA:139,11
DA:141,1
DA:144,12
DA:150,19
DA:151,21
DA:153,12
DA:154,11
DA:157,11
DA:158,279
DA:159,268
DA:164,12
DA:167,12
DA:168,12
DA:171,12
DA:172,12
DA:174,12
DA:181,1
DA:184,3
DA:185,1
DA:189,2
DA:190,2
DA:192,2
DA:193,3
DA:194,1
DA:197,2
DA:201,2
DA:202,1
DA:208,1
DA:210,1
LF:71
LH:65
BRDA:2,1,0,0
BRDA:2,1,1,1
BRDA:2,2,0,1
BRDA:2,2,1,0
BRDA:2,3,0,0
BRDA:2,3,1,1
BRDA:2,4,0,1
BRDA:2,4,1,0
BRDA:2,5,0,1
BRDA:2,5,1,0
BRDA:11,6,0,1
BRDA:11,6,1,0
BRDA:14,7,0,0
BRDA:14,7,1,0
BRDA:64,8,0,0
BRDA:64,8,1,19
BRDA:69,9,0,0
BRDA:69,9,1,19
BRDA:69,10,0,19
BRDA:69,10,1,0
BRDA:81,11,0,3
BRDA:81,11,1,16
BRDA:91,12,0,19
BRDA:91,12,1,0
BRDA:97,13,0,16
BRDA:97,13,1,3
BRDA:102,14,0,16
BRDA:102,14,1,3
BRDA:111,15,0,0
BRDA:111,15,1,12
BRDA:115,16,0,11
BRDA:115,16,1,1
BRDA:122,17,0,268
BRDA:122,17,1,11
BRDA:133,18,0,11
BRDA:133,18,1,1
BRDA:138,19,0,11
BRDA:138,19,1,1
BRDA:151,20,0,9
BRDA:151,20,1,12
BRDA:153,21,0,11
BRDA:153,21,1,1
BRDA:158,22,0,268
BRDA:158,22,1,11
BRDA:184,23,0,1
BRDA:184,23,1,2
BRDA:184,24,0,3
BRDA:184,24,1,1
BRDA:189,25,0,2
BRDA:189,25,1,0
BRDA:193,26,0,1
BRDA:193,26,1,2
BRDA:201,27,0,1
BRDA:201,27,1,1
BRF:54
BRH:40
end_of_record
